<?xml version="1.0" encoding="UTF-8"?>
<testsuite name="JUnit Jupiter" tests="15" skipped="0" failures="0" errors="0" time="25.12" hostname="HPLaptop" timestamp="2025-11-28T19:23:58">
<properties>
[...]
</properties>
<testcase name="testFoodReadyStatus()" classname="RefactoringDesignPatterns.Assignment2.RestaurantObserverTest" time="0">
<system-out><![CDATA[
unique-id: [engine:junit-jupiter]/[class:RefactoringDesignPatterns.Assignment2.RestaurantObserverTest]/[method:testFoodReadyStatus()]
display-name: Food ready status should be correctly tracked
]]></system-out>
</testcase>
<testcase name="testCustomerRegistrationAsObserver()" classname="RefactoringDesignPatterns.Assignment2.RestaurantObserverTest" time="0.001">
<system-out><![CDATA[
unique-id: [engine:junit-jupiter]/[class:RefactoringDesignPatterns.Assignment2.RestaurantObserverTest]/[method:testCustomerRegistrationAsObserver()]
display-name: Customer should be registered as observer when seated
]]></system-out>
</testcase>
<testcase name="testCustomerProperties()" classname="RefactoringDesignPatterns.Assignment2.RestaurantObserverTest" time="0">
<system-out><![CDATA[
unique-id: [engine:junit-jupiter]/[class:RefactoringDesignPatterns.Assignment2.RestaurantObserverTest]/[method:testCustomerProperties()]
display-name: Customer properties should be accessible
]]></system-out>
</testcase>
<testcase name="testCustomerNotificationCallback()" classname="RefactoringDesignPatterns.Assignment2.RestaurantObserverTest" time="5.003">
<system-out><![CDATA[
unique-id: [engine:junit-jupiter]/[class:RefactoringDesignPatterns.Assignment2.RestaurantObserverTest]/[method:testCustomerNotificationCallback()]
display-name: Observer callback should be properly invoked
]]></system-out>
</testcase>
<testcase name="testMultipleObserversNotified()" classname="RefactoringDesignPatterns.Assignment2.RestaurantObserverTest" time="5.001">
<system-out><![CDATA[
unique-id: [engine:junit-jupiter]/[class:RefactoringDesignPatterns.Assignment2.RestaurantObserverTest]/[method:testMultipleObserversNotified()]
display-name: All observers should be notified when food is ready
]]></system-out>
</testcase>
<testcase name="testPhoneHashCode()" classname="RefactoringDesignPatterns.Assignment2.RestaurantObserverTest" time="0">
<system-out><![CDATA[
unique-id: [engine:junit-jupiter]/[class:RefactoringDesignPatterns.Assignment2.RestaurantObserverTest]/[method:testPhoneHashCode()]
display-name: Phone hashCode should be consistent with equals
]]></system-out>
</testcase>
<testcase name="testNoNotificationWithoutObservers()" classname="RefactoringDesignPatterns.Assignment2.RestaurantObserverTest" time="5.005">
<system-out><![CDATA[
unique-id: [engine:junit-jupiter]/[class:RefactoringDesignPatterns.Assignment2.RestaurantObserverTest]/[method:testNoNotificationWithoutObservers()]
display-name: Preparing food without observers should not cause errors
]]></system-out>
</testcase>
<testcase name="testRestaurantFoodName()" classname="RefactoringDesignPatterns.Assignment2.RestaurantObserverTest" time="0.001">
<system-out><![CDATA[
unique-id: [engine:junit-jupiter]/[class:RefactoringDesignPatterns.Assignment2.RestaurantObserverTest]/[method:testRestaurantFoodName()]
display-name: Restaurant should return correct food name
]]></system-out>
</testcase>
<testcase name="testFoodPreparationNotifiesObservers()" classname="RefactoringDesignPatterns.Assignment2.RestaurantObserverTest" time="5.002">
<system-out><![CDATA[
unique-id: [engine:junit-jupiter]/[class:RefactoringDesignPatterns.Assignment2.RestaurantObserverTest]/[method:testFoodPreparationNotifiesObservers()]
display-name: Observer should be notified when food is prepared
]]></system-out>
</testcase>
<testcase name="testObserverRemoval()" classname="RefactoringDesignPatterns.Assignment2.RestaurantObserverTest" time="0.001">
<system-out><![CDATA[
unique-id: [engine:junit-jupiter]/[class:RefactoringDesignPatterns.Assignment2.RestaurantObserverTest]/[method:testObserverRemoval()]
display-name: Observer can be removed from notification list
]]></system-out>
</testcase>
<testcase name="testPhoneToString()" classname="RefactoringDesignPatterns.Assignment2.RestaurantObserverTest" time="0.006">
<system-out><![CDATA[
unique-id: [engine:junit-jupiter]/[class:RefactoringDesignPatterns.Assignment2.RestaurantObserverTest]/[method:testPhoneToString()]
display-name: Phone toString should format correctly
]]></system-out>
</testcase>
<testcase name="testNoBusyWaiting()" classname="RefactoringDesignPatterns.Assignment2.RestaurantObserverTest" time="5.015">
<system-out><![CDATA[
unique-id: [engine:junit-jupiter]/[class:RefactoringDesignPatterns.Assignment2.RestaurantObserverTest]/[method:testNoBusyWaiting()]
display-name: No busy waiting loop should exist (performance test)
]]></system-out>
</testcase>
<testcase name="testPhoneEquals()" classname="RefactoringDesignPatterns.Assignment2.RestaurantObserverTest" time="0.022">
<system-out><![CDATA[
unique-id: [engine:junit-jupiter]/[class:RefactoringDesignPatterns.Assignment2.RestaurantObserverTest]/[method:testPhoneEquals()]
display-name: Phone equality should work correctly
]]></system-out>
</testcase>
<testcase name="testMultipleCustomersSeated()" classname="RefactoringDesignPatterns.Assignment2.RestaurantObserverTest" time="0.001">
<system-out><![CDATA[
unique-id: [engine:junit-jupiter]/[class:RefactoringDesignPatterns.Assignment2.RestaurantObserverTest]/[method:testMultipleCustomersSeated()]
display-name: Multiple customers can be seated in the restaurant
]]></system-out>
</testcase>
<testcase name="testCustomerListEncapsulation()" classname="RefactoringDesignPatterns.Assignment2.RestaurantObserverTest" time="0.002">
<system-out><![CDATA[
unique-id: [engine:junit-jupiter]/[class:RefactoringDesignPatterns.Assignment2.RestaurantObserverTest]/[method:testCustomerListEncapsulation()]
display-name: Customer list should return defensive copy
]]></system-out>
</testcase>
<system-out><![CDATA[
unique-id: [engine:junit-jupiter]
display-name: JUnit Jupiter
]]></system-out>
</testsuite>
